<?xml version="1.0" encoding="UTF-8"?>
<testng-results skipped="0" failed="0" total="1" passed="1">
  <reporter-output>
  </reporter-output>
  <suite name="My Creditor Watch" duration-ms="19963" started-at="2021-02-14T14:40:11Z" finished-at="2021-02-14T14:40:31Z">
    <groups>
    </groups>
    <test name="Test1" duration-ms="19963" started-at="2021-02-14T14:40:11Z" finished-at="2021-02-14T14:40:31Z">
      <class name="com.testCase.TC_Validate_Anchor">
        <test-method status="PASS" signature="invokeBrowser()[pri:0, instance:com.testCase.TC_Validate_Anchor@31ef45e3]" name="invokeBrowser" is-config="true" duration-ms="7054" started-at="2021-02-14T22:40:11Z" finished-at="2021-02-14T22:40:18Z">
          <reporter-output>
          </reporter-output>
        </test-method> <!-- invokeBrowser -->
        <test-method status="PASS" signature="validateAnchor()[pri:0, instance:com.testCase.TC_Validate_Anchor@31ef45e3]" name="validateAnchor" duration-ms="12166" started-at="2021-02-14T22:40:18Z" finished-at="2021-02-14T22:40:31Z">
          <reporter-output>
          </reporter-output>
        </test-method> <!-- validateAnchor -->
        <test-method status="PASS" signature="tearDown()[pri:0, instance:com.testCase.TC_Validate_Anchor@31ef45e3]" name="tearDown" is-config="true" duration-ms="731" started-at="2021-02-14T22:40:31Z" finished-at="2021-02-14T22:40:31Z">
          <reporter-output>
          </reporter-output>
        </test-method> <!-- tearDown -->
      </class> <!-- com.testCase.TC_Validate_Anchor -->
    </test> <!-- Test1 -->
  </suite> <!-- My Creditor Watch -->
</testng-results>
